2023-10-14 11:33:31,827 [Worker-0: Loading available Gradle versions] INFO  o.e.b.c.i.u.g.PublishedGradleVersions - Gradle version information cache is out-of-date. Trying to update.
2023-10-14 12:01:32,664 [Worker-35: Launching mavenrun-a4debb6a-97a7-47ed-a117-a1c930a35f25] INFO  o.eclipse.m2e.core.internal.Bundles - getClasspathEntries(Bundle=org.eclipse.m2e.maven.runtime_3.8.604.20221130-2149 [267])
2023-10-14 12:01:32,674 [Worker-35: Launching mavenrun-a4debb6a-97a7-47ed-a117-a1c930a35f25] INFO  o.eclipse.m2e.core.internal.Bundles - 	Entry: C:\Users\meher\.p2\pool\plugins\org.eclipse.m2e.maven.runtime_3.8.604.20221130-2149
2023-10-14 12:01:32,675 [Worker-35: Launching mavenrun-a4debb6a-97a7-47ed-a117-a1c930a35f25] INFO  o.eclipse.m2e.core.internal.Bundles - 	Entry: C:\Users\meher\.p2\pool\plugins\org.eclipse.m2e.maven.runtime_3.8.604.20221130-2149\jars\aether-connector-okhttp-0.17.8.jar
2023-10-14 12:01:32,676 [Worker-35: Launching mavenrun-a4debb6a-97a7-47ed-a117-a1c930a35f25] INFO  o.eclipse.m2e.core.internal.Bundles - 	Entry: C:\Users\meher\.p2\pool\plugins\org.eclipse.m2e.maven.runtime_3.8.604.20221130-2149\jars\commons-cli-1.4.jar
2023-10-14 12:01:32,676 [Worker-35: Launching mavenrun-a4debb6a-97a7-47ed-a117-a1c930a35f25] INFO  o.eclipse.m2e.core.internal.Bundles - 	Entry: C:\Users\meher\.p2\pool\plugins\org.eclipse.m2e.maven.runtime_3.8.604.20221130-2149\jars\commons-io-2.6.jar
2023-10-14 12:01:32,676 [Worker-35: Launching mavenrun-a4debb6a-97a7-47ed-a117-a1c930a35f25] INFO  o.eclipse.m2e.core.internal.Bundles - 	Entry: C:\Users\meher\.p2\pool\plugins\org.eclipse.m2e.maven.runtime_3.8.604.20221130-2149\jars\commons-lang3-3.8.1.jar
2023-10-14 12:01:32,676 [Worker-35: Launching mavenrun-a4debb6a-97a7-47ed-a117-a1c930a35f25] INFO  o.eclipse.m2e.core.internal.Bundles - 	Entry: C:\Users\meher\.p2\pool\plugins\org.eclipse.m2e.maven.runtime_3.8.604.20221130-2149\jars\guice-4.2.2-no_aop.jar
2023-10-14 12:01:32,677 [Worker-35: Launching mavenrun-a4debb6a-97a7-47ed-a117-a1c930a35f25] INFO  o.eclipse.m2e.core.internal.Bundles - 	Entry: C:\Users\meher\.p2\pool\plugins\org.eclipse.m2e.maven.runtime_3.8.604.20221130-2149\jars\jansi-2.4.0.jar
2023-10-14 12:01:32,677 [Worker-35: Launching mavenrun-a4debb6a-97a7-47ed-a117-a1c930a35f25] INFO  o.eclipse.m2e.core.internal.Bundles - 	Entry: C:\Users\meher\.p2\pool\plugins\org.eclipse.m2e.maven.runtime_3.8.604.20221130-2149\jars\maven-artifact-3.8.6.jar
2023-10-14 12:01:32,677 [Worker-35: Launching mavenrun-a4debb6a-97a7-47ed-a117-a1c930a35f25] INFO  o.eclipse.m2e.core.internal.Bundles - 	Entry: C:\Users\meher\.p2\pool\plugins\org.eclipse.m2e.maven.runtime_3.8.604.20221130-2149\jars\maven-builder-support-3.8.6.jar
2023-10-14 12:01:32,678 [Worker-35: Launching mavenrun-a4debb6a-97a7-47ed-a117-a1c930a35f25] INFO  o.eclipse.m2e.core.internal.Bundles - 	Entry: C:\Users\meher\.p2\pool\plugins\org.eclipse.m2e.maven.runtime_3.8.604.20221130-2149\jars\maven-compat-3.8.6.jar
2023-10-14 12:01:32,678 [Worker-35: Launching mavenrun-a4debb6a-97a7-47ed-a117-a1c930a35f25] INFO  o.eclipse.m2e.core.internal.Bundles - 	Entry: C:\Users\meher\.p2\pool\plugins\org.eclipse.m2e.maven.runtime_3.8.604.20221130-2149\jars\maven-core-3.8.6.jar
2023-10-14 12:01:32,678 [Worker-35: Launching mavenrun-a4debb6a-97a7-47ed-a117-a1c930a35f25] INFO  o.eclipse.m2e.core.internal.Bundles - 	Entry: C:\Users\meher\.p2\pool\plugins\org.eclipse.m2e.maven.runtime_3.8.604.20221130-2149\jars\maven-embedder-3.8.6.jar
2023-10-14 12:01:32,679 [Worker-35: Launching mavenrun-a4debb6a-97a7-47ed-a117-a1c930a35f25] INFO  o.eclipse.m2e.core.internal.Bundles - 	Entry: C:\Users\meher\.p2\pool\plugins\org.eclipse.m2e.maven.runtime_3.8.604.20221130-2149\jars\maven-model-3.8.6.jar
2023-10-14 12:01:32,679 [Worker-35: Launching mavenrun-a4debb6a-97a7-47ed-a117-a1c930a35f25] INFO  o.eclipse.m2e.core.internal.Bundles - 	Entry: C:\Users\meher\.p2\pool\plugins\org.eclipse.m2e.maven.runtime_3.8.604.20221130-2149\jars\maven-model-builder-3.8.6.jar
2023-10-14 12:01:32,679 [Worker-35: Launching mavenrun-a4debb6a-97a7-47ed-a117-a1c930a35f25] INFO  o.eclipse.m2e.core.internal.Bundles - 	Entry: C:\Users\meher\.p2\pool\plugins\org.eclipse.m2e.maven.runtime_3.8.604.20221130-2149\jars\maven-plugin-api-3.8.6.jar
2023-10-14 12:01:32,679 [Worker-35: Launching mavenrun-a4debb6a-97a7-47ed-a117-a1c930a35f25] INFO  o.eclipse.m2e.core.internal.Bundles - 	Entry: C:\Users\meher\.p2\pool\plugins\org.eclipse.m2e.maven.runtime_3.8.604.20221130-2149\jars\maven-repository-metadata-3.8.6.jar
2023-10-14 12:01:32,680 [Worker-35: Launching mavenrun-a4debb6a-97a7-47ed-a117-a1c930a35f25] INFO  o.eclipse.m2e.core.internal.Bundles - 	Entry: C:\Users\meher\.p2\pool\plugins\org.eclipse.m2e.maven.runtime_3.8.604.20221130-2149\jars\maven-resolver-api-1.6.3.jar
2023-10-14 12:01:32,680 [Worker-35: Launching mavenrun-a4debb6a-97a7-47ed-a117-a1c930a35f25] INFO  o.eclipse.m2e.core.internal.Bundles - 	Entry: C:\Users\meher\.p2\pool\plugins\org.eclipse.m2e.maven.runtime_3.8.604.20221130-2149\jars\maven-resolver-connector-basic-1.6.3.jar
2023-10-14 12:01:32,680 [Worker-35: Launching mavenrun-a4debb6a-97a7-47ed-a117-a1c930a35f25] INFO  o.eclipse.m2e.core.internal.Bundles - 	Entry: C:\Users\meher\.p2\pool\plugins\org.eclipse.m2e.maven.runtime_3.8.604.20221130-2149\jars\maven-resolver-impl-1.6.3.jar
2023-10-14 12:01:32,680 [Worker-35: Launching mavenrun-a4debb6a-97a7-47ed-a117-a1c930a35f25] INFO  o.eclipse.m2e.core.internal.Bundles - 	Entry: C:\Users\meher\.p2\pool\plugins\org.eclipse.m2e.maven.runtime_3.8.604.20221130-2149\jars\maven-resolver-provider-3.8.6.jar
2023-10-14 12:01:32,681 [Worker-35: Launching mavenrun-a4debb6a-97a7-47ed-a117-a1c930a35f25] INFO  o.eclipse.m2e.core.internal.Bundles - 	Entry: C:\Users\meher\.p2\pool\plugins\org.eclipse.m2e.maven.runtime_3.8.604.20221130-2149\jars\maven-resolver-spi-1.6.3.jar
2023-10-14 12:01:32,681 [Worker-35: Launching mavenrun-a4debb6a-97a7-47ed-a117-a1c930a35f25] INFO  o.eclipse.m2e.core.internal.Bundles - 	Entry: C:\Users\meher\.p2\pool\plugins\org.eclipse.m2e.maven.runtime_3.8.604.20221130-2149\jars\maven-resolver-transport-wagon-1.6.3.jar
2023-10-14 12:01:32,681 [Worker-35: Launching mavenrun-a4debb6a-97a7-47ed-a117-a1c930a35f25] INFO  o.eclipse.m2e.core.internal.Bundles - 	Entry: C:\Users\meher\.p2\pool\plugins\org.eclipse.m2e.maven.runtime_3.8.604.20221130-2149\jars\maven-resolver-util-1.6.3.jar
2023-10-14 12:01:32,681 [Worker-35: Launching mavenrun-a4debb6a-97a7-47ed-a117-a1c930a35f25] INFO  o.eclipse.m2e.core.internal.Bundles - 	Entry: C:\Users\meher\.p2\pool\plugins\org.eclipse.m2e.maven.runtime_3.8.604.20221130-2149\jars\maven-settings-3.8.6.jar
2023-10-14 12:01:32,682 [Worker-35: Launching mavenrun-a4debb6a-97a7-47ed-a117-a1c930a35f25] INFO  o.eclipse.m2e.core.internal.Bundles - 	Entry: C:\Users\meher\.p2\pool\plugins\org.eclipse.m2e.maven.runtime_3.8.604.20221130-2149\jars\maven-settings-builder-3.8.6.jar
2023-10-14 12:01:32,682 [Worker-35: Launching mavenrun-a4debb6a-97a7-47ed-a117-a1c930a35f25] INFO  o.eclipse.m2e.core.internal.Bundles - 	Entry: C:\Users\meher\.p2\pool\plugins\org.eclipse.m2e.maven.runtime_3.8.604.20221130-2149\jars\maven-shared-utils-3.3.4.jar
2023-10-14 12:01:32,682 [Worker-35: Launching mavenrun-a4debb6a-97a7-47ed-a117-a1c930a35f25] INFO  o.eclipse.m2e.core.internal.Bundles - 	Entry: C:\Users\meher\.p2\pool\plugins\org.eclipse.m2e.maven.runtime_3.8.604.20221130-2149\jars\okhttp-3.14.1.jar
2023-10-14 12:01:32,682 [Worker-35: Launching mavenrun-a4debb6a-97a7-47ed-a117-a1c930a35f25] INFO  o.eclipse.m2e.core.internal.Bundles - 	Entry: C:\Users\meher\.p2\pool\plugins\org.eclipse.m2e.maven.runtime_3.8.604.20221130-2149\jars\okio-1.17.3.jar
2023-10-14 12:01:32,682 [Worker-35: Launching mavenrun-a4debb6a-97a7-47ed-a117-a1c930a35f25] INFO  o.eclipse.m2e.core.internal.Bundles - 	Entry: C:\Users\meher\.p2\pool\plugins\org.eclipse.m2e.maven.runtime_3.8.604.20221130-2149\jars\org.eclipse.sisu.inject-0.3.5.jar
2023-10-14 12:01:32,682 [Worker-35: Launching mavenrun-a4debb6a-97a7-47ed-a117-a1c930a35f25] INFO  o.eclipse.m2e.core.internal.Bundles - 	Entry: C:\Users\meher\.p2\pool\plugins\org.eclipse.m2e.maven.runtime_3.8.604.20221130-2149\jars\org.eclipse.sisu.plexus-0.3.5.jar
2023-10-14 12:01:32,683 [Worker-35: Launching mavenrun-a4debb6a-97a7-47ed-a117-a1c930a35f25] INFO  o.eclipse.m2e.core.internal.Bundles - 	Entry: C:\Users\meher\.p2\pool\plugins\org.eclipse.m2e.maven.runtime_3.8.604.20221130-2149\jars\plexus-build-api-0.0.7.jar
2023-10-14 12:01:32,683 [Worker-35: Launching mavenrun-a4debb6a-97a7-47ed-a117-a1c930a35f25] INFO  o.eclipse.m2e.core.internal.Bundles - 	Entry: C:\Users\meher\.p2\pool\plugins\org.eclipse.m2e.maven.runtime_3.8.604.20221130-2149\jars\plexus-cipher-2.0.jar
2023-10-14 12:01:32,683 [Worker-35: Launching mavenrun-a4debb6a-97a7-47ed-a117-a1c930a35f25] INFO  o.eclipse.m2e.core.internal.Bundles - 	Entry: C:\Users\meher\.p2\pool\plugins\org.eclipse.m2e.maven.runtime_3.8.604.20221130-2149\jars\plexus-classworlds-2.6.0.jar
2023-10-14 12:01:32,684 [Worker-35: Launching mavenrun-a4debb6a-97a7-47ed-a117-a1c930a35f25] INFO  o.eclipse.m2e.core.internal.Bundles - 	Entry: C:\Users\meher\.p2\pool\plugins\org.eclipse.m2e.maven.runtime_3.8.604.20221130-2149\jars\plexus-component-annotations-2.1.0.jar
2023-10-14 12:01:32,684 [Worker-35: Launching mavenrun-a4debb6a-97a7-47ed-a117-a1c930a35f25] INFO  o.eclipse.m2e.core.internal.Bundles - 	Entry: C:\Users\meher\.p2\pool\plugins\org.eclipse.m2e.maven.runtime_3.8.604.20221130-2149\jars\plexus-interpolation-1.26.jar
2023-10-14 12:01:32,684 [Worker-35: Launching mavenrun-a4debb6a-97a7-47ed-a117-a1c930a35f25] INFO  o.eclipse.m2e.core.internal.Bundles - 	Entry: C:\Users\meher\.p2\pool\plugins\org.eclipse.m2e.maven.runtime_3.8.604.20221130-2149\jars\plexus-sec-dispatcher-2.0.jar
2023-10-14 12:01:32,684 [Worker-35: Launching mavenrun-a4debb6a-97a7-47ed-a117-a1c930a35f25] INFO  o.eclipse.m2e.core.internal.Bundles - 	Entry: C:\Users\meher\.p2\pool\plugins\org.eclipse.m2e.maven.runtime_3.8.604.20221130-2149\jars\plexus-utils-3.3.1.jar
2023-10-14 12:01:32,684 [Worker-35: Launching mavenrun-a4debb6a-97a7-47ed-a117-a1c930a35f25] INFO  o.eclipse.m2e.core.internal.Bundles - 	Entry: C:\Users\meher\.p2\pool\plugins\org.eclipse.m2e.maven.runtime_3.8.604.20221130-2149\jars\wagon-file-3.5.1.jar
2023-10-14 12:01:32,685 [Worker-35: Launching mavenrun-a4debb6a-97a7-47ed-a117-a1c930a35f25] INFO  o.eclipse.m2e.core.internal.Bundles - 	Entry: C:\Users\meher\.p2\pool\plugins\org.eclipse.m2e.maven.runtime_3.8.604.20221130-2149\jars\wagon-provider-api-3.5.1.jar
2023-10-14 12:01:32,689 [Worker-35: Launching mavenrun-a4debb6a-97a7-47ed-a117-a1c930a35f25] INFO  o.eclipse.m2e.core.internal.Bundles - getClasspathEntries(Bundle=com.google.guava_30.1.0.v20221112-0806 [8])
2023-10-14 12:01:32,691 [Worker-35: Launching mavenrun-a4debb6a-97a7-47ed-a117-a1c930a35f25] INFO  o.eclipse.m2e.core.internal.Bundles - 	Entry: C:\Users\meher\.p2\pool\plugins\com.google.guava_30.1.0.v20221112-0806.jar
2023-10-14 12:01:32,691 [Worker-35: Launching mavenrun-a4debb6a-97a7-47ed-a117-a1c930a35f25] INFO  o.eclipse.m2e.core.internal.Bundles - getClasspathEntries(Bundle=slf4j.api_1.7.36 [431])
2023-10-14 12:01:32,694 [Worker-35: Launching mavenrun-a4debb6a-97a7-47ed-a117-a1c930a35f25] INFO  o.eclipse.m2e.core.internal.Bundles - 	Entry: C:\Users\meher\.p2\pool\plugins\slf4j.api_1.7.36.jar
2023-10-14 12:01:32,694 [Worker-35: Launching mavenrun-a4debb6a-97a7-47ed-a117-a1c930a35f25] INFO  o.eclipse.m2e.core.internal.Bundles - getClasspathEntries(Bundle=javax.inject_1.0.0.v20220405-0441 [18])
2023-10-14 12:01:32,697 [Worker-35: Launching mavenrun-a4debb6a-97a7-47ed-a117-a1c930a35f25] INFO  o.eclipse.m2e.core.internal.Bundles - 	Entry: C:\Users\meher\.p2\pool\plugins\javax.inject_1.0.0.v20220405-0441.jar
2023-10-14 12:01:32,697 [Worker-35: Launching mavenrun-a4debb6a-97a7-47ed-a117-a1c930a35f25] INFO  o.eclipse.m2e.core.internal.Bundles - getClasspathEntries(Bundle=javax.annotation_1.3.5.v20221112-0806 [16])
2023-10-14 12:01:32,699 [Worker-35: Launching mavenrun-a4debb6a-97a7-47ed-a117-a1c930a35f25] INFO  o.eclipse.m2e.core.internal.Bundles - 	Entry: C:\Users\meher\.p2\pool\plugins\javax.annotation_1.3.5.v20221112-0806.jar
2023-10-14 12:01:32,711 [Worker-35: Launching mavenrun-a4debb6a-97a7-47ed-a117-a1c930a35f25] INFO  o.e.m.i.launch.MavenLaunchDelegate - Run build in "C:\Users\meher\AppData\Local\Temp\m2e-archetypeGenerator2462427754785788900":
2023-10-14 12:01:32,715 [Worker-35: Launching mavenrun-a4debb6a-97a7-47ed-a117-a1c930a35f25] INFO  o.e.m.i.launch.MavenLaunchDelegate -  mvn  -DarchetypeGroupId=org.apache.maven.archetypes -DarchetypeArtifactId=maven-archetype-quickstart -DarchetypeVersion=1.1 -DgroupId=com.pwskills -DartifactId=HibDemo -Dversion=0.0.1-SNAPSHOT -Dpackage=com.pwskills.HibDemo -DoutputDirectory=D:\Try -Dstyle.color=always -U archetype:generate
2023-10-14 12:04:24,818 [Worker-32: Creating maven-archetype-quickstart] INFO  o.e.m.c.i.p.ProjectConfigurationManager - Collecting project info '/pom.xml' D:\Try\HibDemo\pom.xml
2023-10-14 12:04:26,048 [Worker-32: Creating maven-archetype-quickstart] INFO  o.e.m.c.i.l.LifecycleMappingFactory - Using org.eclipse.m2e.jdt.JarLifecycleMapping lifecycle mapping for MavenProject: com.pwskills:HibDemo:0.0.1-SNAPSHOT @ D:\Try\HibDemo\pom.xml.
2023-10-14 12:04:26,529 [Worker-32: Creating maven-archetype-quickstart] INFO  o.e.m.j.i.AbstractJavaProjectConfigurator - Adding source folder /HibDemo/src/main/java
2023-10-14 12:04:26,533 [Worker-32: Creating maven-archetype-quickstart] INFO  o.e.m.j.i.AbstractJavaProjectConfigurator - Adding source folder /HibDemo/src/test/java
2023-10-14 12:04:26,630 [Worker-32: Creating maven-archetype-quickstart] INFO  o.e.m.c.i.p.ProjectConfigurationManager - Imported and configured 1 project(s) in 1 sec
2023-10-14 12:04:27,883 [Worker-32: Building] INFO  o.e.m.c.i.embedder.EclipseLogger - Using 'UTF-8' encoding to copy filtered resources.
2023-10-14 12:04:27,884 [Worker-32: Building] INFO  o.e.m.c.i.embedder.EclipseLogger - skip non existing resourceDirectory D:\Try\HibDemo\src\main\resources
2023-10-14 12:04:27,886 [Worker-32: Building] INFO  o.e.m.c.i.embedder.EclipseLogger - Using 'UTF-8' encoding to copy filtered resources.
2023-10-14 12:04:27,887 [Worker-32: Building] INFO  o.e.m.c.i.embedder.EclipseLogger - skip non existing resourceDirectory D:\Try\HibDemo\src\test\resources
2023-10-14 12:30:39,802 [Worker-45: Building] INFO  o.e.m.c.i.l.LifecycleMappingFactory - Using org.eclipse.m2e.jdt.JarLifecycleMapping lifecycle mapping for MavenProject: com.pwskills:HibDemo:0.0.1-SNAPSHOT @ D:\Try\HibDemo\pom.xml.
2023-10-14 12:30:40,119 [Worker-45: Building] INFO  o.e.m.c.i.embedder.EclipseLogger - Using 'UTF-8' encoding to copy filtered resources.
2023-10-14 12:30:40,120 [Worker-45: Building] INFO  o.e.m.c.i.embedder.EclipseLogger - skip non existing resourceDirectory D:\Try\HibDemo\src\main\resources
2023-10-14 12:30:40,122 [Worker-45: Building] INFO  o.e.m.c.i.embedder.EclipseLogger - Using 'UTF-8' encoding to copy filtered resources.
2023-10-14 12:30:40,123 [Worker-45: Building] INFO  o.e.m.c.i.embedder.EclipseLogger - skip non existing resourceDirectory D:\Try\HibDemo\src\test\resources
2023-10-14 12:30:41,895 [Worker-46: Building] INFO  o.e.m.c.i.embedder.EclipseLogger - Using 'UTF-8' encoding to copy filtered resources.
2023-10-14 12:30:41,895 [Worker-46: Building] INFO  o.e.m.c.i.embedder.EclipseLogger - skip non existing resourceDirectory D:\Try\HibDemo\src\main\resources
2023-10-14 12:30:41,898 [Worker-46: Building] INFO  o.e.m.c.i.embedder.EclipseLogger - Using 'UTF-8' encoding to copy filtered resources.
2023-10-14 12:30:41,898 [Worker-46: Building] INFO  o.e.m.c.i.embedder.EclipseLogger - skip non existing resourceDirectory D:\Try\HibDemo\src\test\resources
2023-10-14 12:30:42,635 [Worker-45: Download sources and javadoc] INFO  o.e.m.c.i.e.AbstractTransferListenerAdapter - Downloading https://repo.maven.apache.org/maven2/org/hibernate/hibernate-core/5.6.14.Final/hibernate-core-5.6.14.Final-sources.jar
2023-10-14 12:30:46,109 [Worker-45: Download sources and javadoc] INFO  o.e.m.c.i.e.AbstractTransferListenerAdapter - Downloaded https://repo.maven.apache.org/maven2/org/hibernate/hibernate-core/5.6.14.Final/hibernate-core-5.6.14.Final-sources.jar
2023-10-14 12:30:46,120 [Worker-45: Download sources and javadoc] INFO  o.e.m.j.internal.DownloadSourcesJob - Downloaded sources for org.hibernate:hibernate-core:5.6.14.Final
2023-10-14 12:30:46,347 [Worker-42: Building] INFO  o.e.m.c.i.embedder.EclipseLogger - Using 'UTF-8' encoding to copy filtered resources.
2023-10-14 12:30:46,347 [Worker-42: Building] INFO  o.e.m.c.i.embedder.EclipseLogger - skip non existing resourceDirectory D:\Try\HibDemo\src\main\resources
2023-10-14 12:30:46,348 [Worker-42: Building] INFO  o.e.m.c.i.embedder.EclipseLogger - Using 'UTF-8' encoding to copy filtered resources.
2023-10-14 12:30:46,348 [Worker-42: Building] INFO  o.e.m.c.i.embedder.EclipseLogger - skip non existing resourceDirectory D:\Try\HibDemo\src\test\resources
2023-10-14 12:42:26,315 [Worker-47: Building] INFO  o.e.m.c.i.embedder.EclipseLogger - Using 'UTF-8' encoding to copy filtered resources.
2023-10-14 12:42:26,315 [Worker-47: Building] INFO  o.e.m.c.i.embedder.EclipseLogger - skip non existing resourceDirectory D:\Try\HibDemo\src\main\resources
2023-10-14 12:42:26,317 [Worker-47: Building] INFO  o.e.m.c.i.embedder.EclipseLogger - Using 'UTF-8' encoding to copy filtered resources.
2023-10-14 12:42:26,317 [Worker-47: Building] INFO  o.e.m.c.i.embedder.EclipseLogger - skip non existing resourceDirectory D:\Try\HibDemo\src\test\resources
2023-10-14 13:09:21,260 [Worker-55: Building] INFO  o.e.m.c.i.embedder.EclipseLogger - Using 'UTF-8' encoding to copy filtered resources.
2023-10-14 13:09:21,261 [Worker-55: Building] INFO  o.e.m.c.i.embedder.EclipseLogger - skip non existing resourceDirectory D:\Try\HibDemo\src\main\resources
2023-10-14 13:09:21,263 [Worker-55: Building] INFO  o.e.m.c.i.embedder.EclipseLogger - Using 'UTF-8' encoding to copy filtered resources.
2023-10-14 13:09:21,263 [Worker-55: Building] INFO  o.e.m.c.i.embedder.EclipseLogger - skip non existing resourceDirectory D:\Try\HibDemo\src\test\resources
2023-10-14 13:19:09,328 [Worker-60: Launching App] INFO  o.e.m.c.i.embedder.EclipseLogger - Using 'UTF-8' encoding to copy filtered resources.
2023-10-14 13:19:09,329 [Worker-60: Launching App] INFO  o.e.m.c.i.embedder.EclipseLogger - skip non existing resourceDirectory D:\Try\HibDemo\src\main\resources
2023-10-14 13:19:09,333 [Worker-60: Launching App] INFO  o.e.m.c.i.embedder.EclipseLogger - Using 'UTF-8' encoding to copy filtered resources.
2023-10-14 13:19:09,334 [Worker-60: Launching App] INFO  o.e.m.c.i.embedder.EclipseLogger - skip non existing resourceDirectory D:\Try\HibDemo\src\test\resources
2023-10-14 13:23:47,412 [Worker-61: Launching App] INFO  o.e.m.c.i.embedder.EclipseLogger - Using 'UTF-8' encoding to copy filtered resources.
2023-10-14 13:23:47,412 [Worker-61: Launching App] INFO  o.e.m.c.i.embedder.EclipseLogger - skip non existing resourceDirectory D:\Try\HibDemo\src\main\resources
2023-10-14 13:23:47,414 [Worker-61: Launching App] INFO  o.e.m.c.i.embedder.EclipseLogger - Using 'UTF-8' encoding to copy filtered resources.
2023-10-14 13:23:47,414 [Worker-61: Launching App] INFO  o.e.m.c.i.embedder.EclipseLogger - skip non existing resourceDirectory D:\Try\HibDemo\src\test\resources
2023-10-14 13:31:25,241 [Worker-68: Launching App] INFO  o.e.m.c.i.embedder.EclipseLogger - Using 'UTF-8' encoding to copy filtered resources.
2023-10-14 13:31:25,241 [Worker-68: Launching App] INFO  o.e.m.c.i.embedder.EclipseLogger - skip non existing resourceDirectory D:\Try\HibDemo\src\main\resources
2023-10-14 13:31:25,243 [Worker-68: Launching App] INFO  o.e.m.c.i.embedder.EclipseLogger - Using 'UTF-8' encoding to copy filtered resources.
2023-10-14 13:31:25,243 [Worker-68: Launching App] INFO  o.e.m.c.i.embedder.EclipseLogger - skip non existing resourceDirectory D:\Try\HibDemo\src\test\resources
2023-10-14 13:34:34,120 [Worker-69: Launching App] INFO  o.e.m.c.i.embedder.EclipseLogger - Using 'UTF-8' encoding to copy filtered resources.
2023-10-14 13:34:34,120 [Worker-69: Launching App] INFO  o.e.m.c.i.embedder.EclipseLogger - skip non existing resourceDirectory D:\Try\HibDemo\src\main\resources
2023-10-14 13:34:34,122 [Worker-69: Launching App] INFO  o.e.m.c.i.embedder.EclipseLogger - Using 'UTF-8' encoding to copy filtered resources.
2023-10-14 13:34:34,122 [Worker-69: Launching App] INFO  o.e.m.c.i.embedder.EclipseLogger - skip non existing resourceDirectory D:\Try\HibDemo\src\test\resources
2023-10-14 17:45:17,247 [Worker-4: Loading available Gradle versions] INFO  o.e.b.c.i.u.g.PublishedGradleVersions - Gradle version information cache is up-to-date. Trying to read.
2023-10-14 18:04:00,616 [main] INFO  org.hibernate.cfg.Environment - Hibernate 3.5.6-Final
2023-10-14 18:04:00,661 [main] INFO  org.hibernate.cfg.Environment - hibernate.properties not found
2023-10-14 18:04:00,667 [main] INFO  org.hibernate.cfg.Environment - Bytecode provider name : javassist
2023-10-14 18:04:00,676 [main] INFO  org.hibernate.cfg.Environment - using JDK 1.4 java.sql.Timestamp handling
2023-10-14 18:20:37,735 [Worker-62: Building] INFO  o.e.m.c.i.embedder.EclipseLogger - Using 'UTF-8' encoding to copy filtered resources.
2023-10-14 18:20:37,735 [Worker-62: Building] INFO  o.e.m.c.i.embedder.EclipseLogger - skip non existing resourceDirectory D:\Try\HibDemo\src\main\resources
2023-10-14 18:20:37,739 [Worker-62: Building] INFO  o.e.m.c.i.embedder.EclipseLogger - Using 'UTF-8' encoding to copy filtered resources.
2023-10-14 18:20:37,740 [Worker-62: Building] INFO  o.e.m.c.i.embedder.EclipseLogger - skip non existing resourceDirectory D:\Try\HibDemo\src\test\resources
2023-10-14 18:28:02,753 [Worker-65: Launching App] INFO  o.e.m.c.i.embedder.EclipseLogger - Using 'UTF-8' encoding to copy filtered resources.
2023-10-14 18:28:02,753 [Worker-65: Launching App] INFO  o.e.m.c.i.embedder.EclipseLogger - skip non existing resourceDirectory D:\Try\HibDemo\src\main\resources
2023-10-14 18:28:02,757 [Worker-65: Launching App] INFO  o.e.m.c.i.embedder.EclipseLogger - Using 'UTF-8' encoding to copy filtered resources.
2023-10-14 18:28:02,758 [Worker-65: Launching App] INFO  o.e.m.c.i.embedder.EclipseLogger - skip non existing resourceDirectory D:\Try\HibDemo\src\test\resources
2023-10-14 18:33:47,268 [Worker-71: Launching App] INFO  o.e.m.c.i.embedder.EclipseLogger - Using 'UTF-8' encoding to copy filtered resources.
2023-10-14 18:33:47,269 [Worker-71: Launching App] INFO  o.e.m.c.i.embedder.EclipseLogger - skip non existing resourceDirectory D:\Try\HibDemo\src\main\resources
2023-10-14 18:33:47,271 [Worker-71: Launching App] INFO  o.e.m.c.i.embedder.EclipseLogger - Using 'UTF-8' encoding to copy filtered resources.
2023-10-14 18:33:47,272 [Worker-71: Launching App] INFO  o.e.m.c.i.embedder.EclipseLogger - skip non existing resourceDirectory D:\Try\HibDemo\src\test\resources
2023-10-14 18:55:01,324 [Worker-75: Building] INFO  o.e.m.c.i.l.LifecycleMappingFactory - Using org.eclipse.m2e.jdt.JarLifecycleMapping lifecycle mapping for MavenProject: com.pwskills:HibDemo:0.0.1-SNAPSHOT @ D:\Try\HibDemo\pom.xml.
2023-10-14 18:55:01,634 [Worker-75: Building] INFO  o.e.m.c.i.embedder.EclipseLogger - Using 'UTF-8' encoding to copy filtered resources.
2023-10-14 18:55:01,634 [Worker-75: Building] INFO  o.e.m.c.i.embedder.EclipseLogger - skip non existing resourceDirectory D:\Try\HibDemo\src\main\resources
2023-10-14 18:55:01,638 [Worker-75: Building] INFO  o.e.m.c.i.embedder.EclipseLogger - Using 'UTF-8' encoding to copy filtered resources.
2023-10-14 18:55:01,638 [Worker-75: Building] INFO  o.e.m.c.i.embedder.EclipseLogger - skip non existing resourceDirectory D:\Try\HibDemo\src\test\resources
2023-10-14 18:55:03,018 [Worker-78: Building] INFO  o.e.m.c.i.embedder.EclipseLogger - Using 'UTF-8' encoding to copy filtered resources.
2023-10-14 18:55:03,018 [Worker-78: Building] INFO  o.e.m.c.i.embedder.EclipseLogger - skip non existing resourceDirectory D:\Try\HibDemo\src\main\resources
2023-10-14 18:55:03,021 [Worker-78: Building] INFO  o.e.m.c.i.embedder.EclipseLogger - Using 'UTF-8' encoding to copy filtered resources.
2023-10-14 18:55:03,021 [Worker-78: Building] INFO  o.e.m.c.i.embedder.EclipseLogger - skip non existing resourceDirectory D:\Try\HibDemo\src\test\resources
2023-10-14 19:09:53,638 [Worker-80: Launching App] INFO  o.e.m.c.i.embedder.EclipseLogger - Using 'UTF-8' encoding to copy filtered resources.
2023-10-14 19:09:53,640 [Worker-80: Launching App] INFO  o.e.m.c.i.embedder.EclipseLogger - skip non existing resourceDirectory D:\Try\HibDemo\src\main\resources
2023-10-14 19:09:53,642 [Worker-80: Launching App] INFO  o.e.m.c.i.embedder.EclipseLogger - Using 'UTF-8' encoding to copy filtered resources.
2023-10-14 19:09:53,642 [Worker-80: Launching App] INFO  o.e.m.c.i.embedder.EclipseLogger - skip non existing resourceDirectory D:\Try\HibDemo\src\test\resources
2023-10-14 19:15:26,696 [Worker-80: Launching App] INFO  o.e.m.c.i.embedder.EclipseLogger - Using 'UTF-8' encoding to copy filtered resources.
2023-10-14 19:15:26,696 [Worker-80: Launching App] INFO  o.e.m.c.i.embedder.EclipseLogger - skip non existing resourceDirectory D:\Try\HibDemo\src\main\resources
2023-10-14 19:15:26,699 [Worker-80: Launching App] INFO  o.e.m.c.i.embedder.EclipseLogger - Using 'UTF-8' encoding to copy filtered resources.
2023-10-14 19:15:26,699 [Worker-80: Launching App] INFO  o.e.m.c.i.embedder.EclipseLogger - skip non existing resourceDirectory D:\Try\HibDemo\src\test\resources
2023-10-14 19:20:55,369 [Worker-94: Launching App] INFO  o.e.m.c.i.embedder.EclipseLogger - Using 'UTF-8' encoding to copy filtered resources.
2023-10-14 19:20:55,369 [Worker-94: Launching App] INFO  o.e.m.c.i.embedder.EclipseLogger - skip non existing resourceDirectory D:\Try\HibDemo\src\main\resources
2023-10-14 19:20:55,372 [Worker-94: Launching App] INFO  o.e.m.c.i.embedder.EclipseLogger - Using 'UTF-8' encoding to copy filtered resources.
2023-10-14 19:20:55,372 [Worker-94: Launching App] INFO  o.e.m.c.i.embedder.EclipseLogger - skip non existing resourceDirectory D:\Try\HibDemo\src\test\resources
2023-10-14 19:30:43,517 [Worker-98: Launching App] INFO  o.e.m.c.i.embedder.EclipseLogger - Using 'UTF-8' encoding to copy filtered resources.
2023-10-14 19:30:43,517 [Worker-98: Launching App] INFO  o.e.m.c.i.embedder.EclipseLogger - skip non existing resourceDirectory D:\Try\HibDemo\src\main\resources
2023-10-14 19:30:43,520 [Worker-98: Launching App] INFO  o.e.m.c.i.embedder.EclipseLogger - Using 'UTF-8' encoding to copy filtered resources.
2023-10-14 19:30:43,520 [Worker-98: Launching App] INFO  o.e.m.c.i.embedder.EclipseLogger - skip non existing resourceDirectory D:\Try\HibDemo\src\test\resources
2023-10-14 19:32:15,414 [Worker-91: Launching App] INFO  o.e.m.c.i.embedder.EclipseLogger - Using 'UTF-8' encoding to copy filtered resources.
2023-10-14 19:32:15,414 [Worker-91: Launching App] INFO  o.e.m.c.i.embedder.EclipseLogger - skip non existing resourceDirectory D:\Try\HibDemo\src\main\resources
2023-10-14 19:32:15,417 [Worker-91: Launching App] INFO  o.e.m.c.i.embedder.EclipseLogger - Using 'UTF-8' encoding to copy filtered resources.
2023-10-14 19:32:15,417 [Worker-91: Launching App] INFO  o.e.m.c.i.embedder.EclipseLogger - skip non existing resourceDirectory D:\Try\HibDemo\src\test\resources
2023-10-14 19:36:56,952 [Worker-103: Building] INFO  o.e.m.c.i.embedder.EclipseLogger - Using 'UTF-8' encoding to copy filtered resources.
2023-10-14 19:36:56,952 [Worker-103: Building] INFO  o.e.m.c.i.embedder.EclipseLogger - skip non existing resourceDirectory D:\Try\HibDemo\src\main\resources
2023-10-14 19:36:56,956 [Worker-103: Building] INFO  o.e.m.c.i.embedder.EclipseLogger - Using 'UTF-8' encoding to copy filtered resources.
2023-10-14 19:36:56,956 [Worker-103: Building] INFO  o.e.m.c.i.embedder.EclipseLogger - skip non existing resourceDirectory D:\Try\HibDemo\src\test\resources
2023-10-14 19:49:19,540 [Worker-101: Launching App] INFO  o.e.m.c.i.embedder.EclipseLogger - Using 'UTF-8' encoding to copy filtered resources.
2023-10-14 19:49:19,542 [Worker-101: Launching App] INFO  o.e.m.c.i.embedder.EclipseLogger - skip non existing resourceDirectory D:\Try\HibDemo\src\main\resources
2023-10-14 19:49:19,544 [Worker-101: Launching App] INFO  o.e.m.c.i.embedder.EclipseLogger - Using 'UTF-8' encoding to copy filtered resources.
2023-10-14 19:49:19,544 [Worker-101: Launching App] INFO  o.e.m.c.i.embedder.EclipseLogger - skip non existing resourceDirectory D:\Try\HibDemo\src\test\resources
2023-10-14 20:19:26,987 [Worker-116: Launching App] INFO  o.e.m.c.i.embedder.EclipseLogger - Using 'UTF-8' encoding to copy filtered resources.
2023-10-14 20:19:26,987 [Worker-116: Launching App] INFO  o.e.m.c.i.embedder.EclipseLogger - skip non existing resourceDirectory D:\Try\HibDemo\src\main\resources
2023-10-14 20:19:26,990 [Worker-116: Launching App] INFO  o.e.m.c.i.embedder.EclipseLogger - Using 'UTF-8' encoding to copy filtered resources.
2023-10-14 20:19:26,990 [Worker-116: Launching App] INFO  o.e.m.c.i.embedder.EclipseLogger - skip non existing resourceDirectory D:\Try\HibDemo\src\test\resources
2023-10-14 20:27:09,935 [Worker-118: Launching App] INFO  o.e.m.c.i.embedder.EclipseLogger - Using 'UTF-8' encoding to copy filtered resources.
2023-10-14 20:27:09,936 [Worker-118: Launching App] INFO  o.e.m.c.i.embedder.EclipseLogger - skip non existing resourceDirectory D:\Try\HibDemo\src\main\resources
2023-10-14 20:27:09,937 [Worker-118: Launching App] INFO  o.e.m.c.i.embedder.EclipseLogger - Using 'UTF-8' encoding to copy filtered resources.
2023-10-14 20:27:09,937 [Worker-118: Launching App] INFO  o.e.m.c.i.embedder.EclipseLogger - skip non existing resourceDirectory D:\Try\HibDemo\src\test\resources
2023-10-14 20:37:26,823 [Worker-123: Launching App] INFO  o.e.m.c.i.embedder.EclipseLogger - Using 'UTF-8' encoding to copy filtered resources.
2023-10-14 20:37:26,824 [Worker-123: Launching App] INFO  o.e.m.c.i.embedder.EclipseLogger - skip non existing resourceDirectory D:\Try\HibDemo\src\main\resources
2023-10-14 20:37:26,826 [Worker-123: Launching App] INFO  o.e.m.c.i.embedder.EclipseLogger - Using 'UTF-8' encoding to copy filtered resources.
2023-10-14 20:37:26,827 [Worker-123: Launching App] INFO  o.e.m.c.i.embedder.EclipseLogger - skip non existing resourceDirectory D:\Try\HibDemo\src\test\resources
2023-10-14 20:39:05,360 [Worker-126: Launching App] INFO  o.e.m.c.i.embedder.EclipseLogger - Using 'UTF-8' encoding to copy filtered resources.
2023-10-14 20:39:05,360 [Worker-126: Launching App] INFO  o.e.m.c.i.embedder.EclipseLogger - skip non existing resourceDirectory D:\Try\HibDemo\src\main\resources
2023-10-14 20:39:05,362 [Worker-126: Launching App] INFO  o.e.m.c.i.embedder.EclipseLogger - Using 'UTF-8' encoding to copy filtered resources.
2023-10-14 20:39:05,362 [Worker-126: Launching App] INFO  o.e.m.c.i.embedder.EclipseLogger - skip non existing resourceDirectory D:\Try\HibDemo\src\test\resources
2023-10-14 22:29:19,977 [Worker-133: Launching App] INFO  o.e.m.c.i.embedder.EclipseLogger - Using 'UTF-8' encoding to copy filtered resources.
2023-10-14 22:29:19,980 [Worker-133: Launching App] INFO  o.e.m.c.i.embedder.EclipseLogger - skip non existing resourceDirectory D:\Try\HibDemo\src\main\resources
2023-10-14 22:29:19,983 [Worker-133: Launching App] INFO  o.e.m.c.i.embedder.EclipseLogger - Using 'UTF-8' encoding to copy filtered resources.
2023-10-14 22:29:19,983 [Worker-133: Launching App] INFO  o.e.m.c.i.embedder.EclipseLogger - skip non existing resourceDirectory D:\Try\HibDemo\src\test\resources
2023-10-14 22:35:55,989 [Worker-133: Launching App] INFO  o.e.m.c.i.embedder.EclipseLogger - Using 'UTF-8' encoding to copy filtered resources.
2023-10-14 22:35:55,990 [Worker-133: Launching App] INFO  o.e.m.c.i.embedder.EclipseLogger - skip non existing resourceDirectory D:\Try\HibDemo\src\main\resources
2023-10-14 22:35:55,992 [Worker-133: Launching App] INFO  o.e.m.c.i.embedder.EclipseLogger - Using 'UTF-8' encoding to copy filtered resources.
2023-10-14 22:35:55,992 [Worker-133: Launching App] INFO  o.e.m.c.i.embedder.EclipseLogger - skip non existing resourceDirectory D:\Try\HibDemo\src\test\resources
2023-10-14 22:38:56,757 [Worker-139: Launching App] INFO  o.e.m.c.i.embedder.EclipseLogger - Using 'UTF-8' encoding to copy filtered resources.
2023-10-14 22:38:56,758 [Worker-139: Launching App] INFO  o.e.m.c.i.embedder.EclipseLogger - skip non existing resourceDirectory D:\Try\HibDemo\src\main\resources
2023-10-14 22:38:56,762 [Worker-139: Launching App] INFO  o.e.m.c.i.embedder.EclipseLogger - Using 'UTF-8' encoding to copy filtered resources.
2023-10-14 22:38:56,763 [Worker-139: Launching App] INFO  o.e.m.c.i.embedder.EclipseLogger - skip non existing resourceDirectory D:\Try\HibDemo\src\test\resources
2023-10-14 23:04:41,483 [Worker-147: Building] INFO  o.e.m.c.i.l.LifecycleMappingFactory - Using org.eclipse.m2e.jdt.JarLifecycleMapping lifecycle mapping for MavenProject: com.pwskills:HibDemo:0.0.1-SNAPSHOT @ D:\Try\HibDemo\pom.xml.
2023-10-14 23:04:41,872 [Worker-147: Building] INFO  o.e.m.c.i.embedder.EclipseLogger - Using 'UTF-8' encoding to copy filtered resources.
2023-10-14 23:04:41,872 [Worker-147: Building] INFO  o.e.m.c.i.embedder.EclipseLogger - skip non existing resourceDirectory D:\Try\HibDemo\src\main\resources
2023-10-14 23:04:41,874 [Worker-147: Building] INFO  o.e.m.c.i.embedder.EclipseLogger - Using 'UTF-8' encoding to copy filtered resources.
2023-10-14 23:04:41,874 [Worker-147: Building] INFO  o.e.m.c.i.embedder.EclipseLogger - skip non existing resourceDirectory D:\Try\HibDemo\src\test\resources
2023-10-14 23:04:43,164 [Worker-147: Building] INFO  o.e.m.c.i.embedder.EclipseLogger - Using 'UTF-8' encoding to copy filtered resources.
2023-10-14 23:04:43,164 [Worker-147: Building] INFO  o.e.m.c.i.embedder.EclipseLogger - skip non existing resourceDirectory D:\Try\HibDemo\src\main\resources
2023-10-14 23:04:43,166 [Worker-147: Building] INFO  o.e.m.c.i.embedder.EclipseLogger - Using 'UTF-8' encoding to copy filtered resources.
2023-10-14 23:04:43,166 [Worker-147: Building] INFO  o.e.m.c.i.embedder.EclipseLogger - skip non existing resourceDirectory D:\Try\HibDemo\src\test\resources
2023-10-14 23:04:43,323 [Worker-148: Download sources and javadoc] INFO  o.e.m.c.i.e.AbstractTransferListenerAdapter - Downloading https://repo.maven.apache.org/maven2/org/hibernate/hibernate-ehcache/5.6.14.Final/hibernate-ehcache-5.6.14.Final-sources.jar
2023-10-14 23:04:43,769 [Worker-148: Download sources and javadoc] INFO  o.e.m.c.i.e.AbstractTransferListenerAdapter - Downloaded https://repo.maven.apache.org/maven2/org/hibernate/hibernate-ehcache/5.6.14.Final/hibernate-ehcache-5.6.14.Final-sources.jar
2023-10-14 23:04:43,774 [Worker-148: Download sources and javadoc] INFO  o.e.m.j.internal.DownloadSourcesJob - Downloaded sources for org.hibernate:hibernate-ehcache:5.6.14.Final
2023-10-14 23:04:44,192 [Worker-149: Building] INFO  o.e.m.c.i.embedder.EclipseLogger - Using 'UTF-8' encoding to copy filtered resources.
2023-10-14 23:04:44,193 [Worker-149: Building] INFO  o.e.m.c.i.embedder.EclipseLogger - skip non existing resourceDirectory D:\Try\HibDemo\src\main\resources
2023-10-14 23:04:44,195 [Worker-149: Building] INFO  o.e.m.c.i.embedder.EclipseLogger - Using 'UTF-8' encoding to copy filtered resources.
2023-10-14 23:04:44,195 [Worker-149: Building] INFO  o.e.m.c.i.embedder.EclipseLogger - skip non existing resourceDirectory D:\Try\HibDemo\src\test\resources
2023-10-14 23:25:20,935 [Worker-151: Launching App] INFO  o.e.m.c.i.embedder.EclipseLogger - Using 'UTF-8' encoding to copy filtered resources.
2023-10-14 23:25:20,936 [Worker-151: Launching App] INFO  o.e.m.c.i.embedder.EclipseLogger - skip non existing resourceDirectory D:\Try\HibDemo\src\main\resources
2023-10-14 23:25:20,938 [Worker-151: Launching App] INFO  o.e.m.c.i.embedder.EclipseLogger - Using 'UTF-8' encoding to copy filtered resources.
2023-10-14 23:25:20,939 [Worker-151: Launching App] INFO  o.e.m.c.i.embedder.EclipseLogger - skip non existing resourceDirectory D:\Try\HibDemo\src\test\resources
2023-10-14 23:29:04,647 [Worker-160: Launching App] INFO  o.e.m.c.i.embedder.EclipseLogger - Using 'UTF-8' encoding to copy filtered resources.
2023-10-14 23:29:04,648 [Worker-160: Launching App] INFO  o.e.m.c.i.embedder.EclipseLogger - skip non existing resourceDirectory D:\Try\HibDemo\src\main\resources
2023-10-14 23:29:04,649 [Worker-160: Launching App] INFO  o.e.m.c.i.embedder.EclipseLogger - Using 'UTF-8' encoding to copy filtered resources.
2023-10-14 23:29:04,649 [Worker-160: Launching App] INFO  o.e.m.c.i.embedder.EclipseLogger - skip non existing resourceDirectory D:\Try\HibDemo\src\test\resources
2023-10-14 23:38:36,665 [Worker-167: Launching App] INFO  o.e.m.c.i.embedder.EclipseLogger - Using 'UTF-8' encoding to copy filtered resources.
2023-10-14 23:38:36,666 [Worker-167: Launching App] INFO  o.e.m.c.i.embedder.EclipseLogger - skip non existing resourceDirectory D:\Try\HibDemo\src\main\resources
2023-10-14 23:38:36,669 [Worker-167: Launching App] INFO  o.e.m.c.i.embedder.EclipseLogger - Using 'UTF-8' encoding to copy filtered resources.
2023-10-14 23:38:36,670 [Worker-167: Launching App] INFO  o.e.m.c.i.embedder.EclipseLogger - skip non existing resourceDirectory D:\Try\HibDemo\src\test\resources
2023-10-14 23:55:12,914 [Worker-174: Launching App] INFO  o.e.m.c.i.embedder.EclipseLogger - Using 'UTF-8' encoding to copy filtered resources.
2023-10-14 23:55:12,915 [Worker-174: Launching App] INFO  o.e.m.c.i.embedder.EclipseLogger - skip non existing resourceDirectory D:\Try\HibDemo\src\main\resources
2023-10-14 23:55:12,917 [Worker-174: Launching App] INFO  o.e.m.c.i.embedder.EclipseLogger - Using 'UTF-8' encoding to copy filtered resources.
2023-10-14 23:55:12,917 [Worker-174: Launching App] INFO  o.e.m.c.i.embedder.EclipseLogger - skip non existing resourceDirectory D:\Try\HibDemo\src\test\resources
2023-10-15 00:05:42,129 [Worker-180: Launching App] INFO  o.e.m.c.i.embedder.EclipseLogger - Using 'UTF-8' encoding to copy filtered resources.
2023-10-15 00:05:42,130 [Worker-180: Launching App] INFO  o.e.m.c.i.embedder.EclipseLogger - skip non existing resourceDirectory D:\Try\HibDemo\src\main\resources
2023-10-15 00:05:42,134 [Worker-180: Launching App] INFO  o.e.m.c.i.embedder.EclipseLogger - Using 'UTF-8' encoding to copy filtered resources.
2023-10-15 00:05:42,134 [Worker-180: Launching App] INFO  o.e.m.c.i.embedder.EclipseLogger - skip non existing resourceDirectory D:\Try\HibDemo\src\test\resources
2023-10-17 07:14:06,101 [Worker-6: Loading available Gradle versions] INFO  o.e.b.c.i.u.g.PublishedGradleVersions - Gradle version information cache is up-to-date. Trying to read.
2023-10-17 07:14:57,590 [Worker-4: Building] INFO  o.e.m.c.i.embedder.EclipseLogger - Using 'UTF-8' encoding to copy filtered resources.
2023-10-17 07:14:57,592 [Worker-4: Building] INFO  o.e.m.c.i.embedder.EclipseLogger - skip non existing resourceDirectory D:\Try\HibDemo\src\main\resources
2023-10-17 07:14:57,595 [Worker-4: Building] INFO  o.e.m.c.i.embedder.EclipseLogger - Using 'UTF-8' encoding to copy filtered resources.
2023-10-17 07:14:57,595 [Worker-4: Building] INFO  o.e.m.c.i.embedder.EclipseLogger - skip non existing resourceDirectory D:\Try\HibDemo\src\test\resources
